<?xml version="1.0" encoding="UTF-8"?>
<!-- Generated by org.testng.reporters.JUnitReportReporter -->
<testsuite hostname="DESKTOP-RK086OU" failures="0" tests="7" name="hrm.testpages.License_TestFunctionality" time="83.361" errors="0" timestamp="2023-01-11T08:43:23 IST" skipped="0">
  <testcase classname="hrm.testpages.License_TestFunctionality" name="Vlaidate_Printer_Settings" time="0.002"/>
  <system-out/>
  <testcase classname="hrm.testpages.License_TestFunctionality" name="Vlaidate_validSendkeys" time="16.174"/>
  <system-out/>
  <testcase classname="hrm.testpages.License_TestFunctionality" name="Vlaidate_AdminPage" time="8.068"/>
  <system-out/>
  <testcase classname="hrm.testpages.License_TestFunctionality" name="Validate_qualification" time="11.490"/>
  <system-out/>
  <testcase classname="hrm.testpages.License_TestFunctionality" name="Validate_qualification_One" time="14.605"/>
  <system-out/>
  <testcase classname="hrm.testpages.License_TestFunctionality" name="Validate_qualification_Two" time="14.812"/>
  <system-out/>
  <testcase classname="hrm.testpages.License_TestFunctionality" name="Validate_qualification_Sendkeys" time="18.210"/>
  <system-out/>
</testsuite> <!-- hrm.testpages.License_TestFunctionality -->
