<?xml version="1.0" encoding="UTF-8"?>
<!-- Generated by org.testng.reporters.JUnitReportReporter -->
<testsuite hostname="DESKTOP-981224S" failures="0" tests="7" name="hrm.testpages.qualificationsTestFunctionality" time="90.504" errors="0" timestamp="2023-01-13T08:34:58 IST" skipped="0">
  <testcase classname="hrm.testpages.qualificationsTestFunctionality" name="Vlaidate_Printer_Settings" time="0.003"/>
  <system-out/>
  <testcase classname="hrm.testpages.qualificationsTestFunctionality" name="Vlaidate_validSendkeys" time="15.635"/>
  <system-out/>
  <testcase classname="hrm.testpages.qualificationsTestFunctionality" name="Vlaidate_AdminPage" time="10.849"/>
  <system-out/>
  <testcase classname="hrm.testpages.qualificationsTestFunctionality" name="Validate_qualification" time="10.453"/>
  <system-out/>
  <testcase classname="hrm.testpages.qualificationsTestFunctionality" name="Validate_qualification_One" time="14.404"/>
  <system-out/>
  <testcase classname="hrm.testpages.qualificationsTestFunctionality" name="Validate_qualification_Two" time="14.367"/>
  <system-out/>
  <testcase classname="hrm.testpages.qualificationsTestFunctionality" name="Validate_qualification_Sendkeys" time="24.793"/>
  <system-out/>
</testsuite> <!-- hrm.testpages.qualificationsTestFunctionality -->
