<?xml version="1.0" encoding="UTF-8"?>
<!-- Generated by org.testng.reporters.JUnitReportReporter -->
<testsuite hostname="DESKTOP-RK086OU" failures="0" tests="7" name="hrm.testpages.qualificationsTestFunctionality" time="88.755" errors="0" timestamp="2023-01-11T08:43:23 IST" skipped="0">
  <testcase classname="hrm.testpages.qualificationsTestFunctionality" name="Vlaidate_Printer_Settings" time="0.001"/>
  <system-out/>
  <testcase classname="hrm.testpages.qualificationsTestFunctionality" name="Vlaidate_validSendkeys" time="17.734"/>
  <system-out/>
  <testcase classname="hrm.testpages.qualificationsTestFunctionality" name="Vlaidate_AdminPage" time="10.076"/>
  <system-out/>
  <testcase classname="hrm.testpages.qualificationsTestFunctionality" name="Validate_qualification" time="10.114"/>
  <system-out/>
  <testcase classname="hrm.testpages.qualificationsTestFunctionality" name="Validate_qualification_One" time="13.603"/>
  <system-out/>
  <testcase classname="hrm.testpages.qualificationsTestFunctionality" name="Validate_qualification_Two" time="16.108"/>
  <system-out/>
  <testcase classname="hrm.testpages.qualificationsTestFunctionality" name="Validate_qualification_Sendkeys" time="21.119"/>
  <system-out/>
</testsuite> <!-- hrm.testpages.qualificationsTestFunctionality -->
