<?xml version="1.0" encoding="UTF-8"?>
<!-- Generated by org.testng.reporters.JUnitReportReporter -->
<testsuite hostname="DESKTOP-RK086OU" failures="0" tests="8" name="hrm.testpages.hrm_loginfunctionality_testpage" time="60.198" errors="0" timestamp="2023-01-11T08:43:23 IST" skipped="0">
  <testcase classname="hrm.testpages.hrm_loginfunctionality_testpage" name="Vlaidate_Printer_Settings" time="0.001"/>
  <system-out/>
  <testcase classname="hrm.testpages.hrm_loginfunctionality_testpage" name="Vlaidate_HomePageTiltes" time="0.795"/>
  <system-out/>
  <testcase classname="hrm.testpages.hrm_loginfunctionality_testpage" name="Vlaidate_HomaPage_image" time="2.183"/>
  <system-out/>
  <testcase classname="hrm.testpages.hrm_loginfunctionality_testpage" name="Vlaidate_HomaPage_text" time="2.110"/>
  <system-out/>
  <testcase classname="hrm.testpages.hrm_loginfunctionality_testpage" name="Vlaidate_Sendkeys" time="25.777"/>
  <system-out/>
  <testcase classname="hrm.testpages.hrm_loginfunctionality_testpage" name="Validate_ErrorMessage" time="0.034"/>
  <system-out/>
  <testcase classname="hrm.testpages.hrm_loginfunctionality_testpage" name="Vlaidate_InvalidSendkeys" time="14.638"/>
  <system-out/>
  <testcase classname="hrm.testpages.hrm_loginfunctionality_testpage" name="Vlaidate_validSendkeys" time="14.660"/>
  <system-out/>
</testsuite> <!-- hrm.testpages.hrm_loginfunctionality_testpage -->
