<?xml version="1.0" encoding="UTF-8"?>
<!-- Generated by org.testng.reporters.JUnitReportReporter -->
<testsuite hostname="DESKTOP-981224S" failures="0" tests="6" name="hrm.testpages.AdminPageTestFunctionality" time="55.652" errors="0" timestamp="2023-01-13T08:34:57 IST" skipped="0">
  <testcase classname="hrm.testpages.AdminPageTestFunctionality" name="Vlaidate_Printer_Settings" time="0.021"/>
  <system-out/>
  <testcase classname="hrm.testpages.AdminPageTestFunctionality" name="Vlaidate_validSendkeys" time="16.970"/>
  <system-out/>
  <testcase classname="hrm.testpages.AdminPageTestFunctionality" name="Vlaidate_AdminPage" time="12.514"/>
  <system-out/>
  <testcase classname="hrm.testpages.AdminPageTestFunctionality" name="Vlaidate_SystemUserpage" time="9.593"/>
  <system-out/>
  <testcase classname="hrm.testpages.AdminPageTestFunctionality" name="Vlaidate_SystemUserpage_One" time="9.606"/>
  <system-out/>
  <testcase classname="hrm.testpages.AdminPageTestFunctionality" name="Vlaidate_SystemUserpage_two" time="6.948"/>
  <system-out/>
</testsuite> <!-- hrm.testpages.AdminPageTestFunctionality -->
