<?xml version="1.0" encoding="UTF-8"?>
<!-- Generated by org.testng.reporters.JUnitReportReporter -->
<testsuite hostname="DESKTOP-981224S" failures="0" tests="7" name="hrm.testpages.Membership_TestFunctionality3" time="82.230" errors="0" timestamp="2023-01-13T08:34:57 IST" skipped="0">
  <testcase classname="hrm.testpages.Membership_TestFunctionality3" name="Vlaidate_Printer_Settings" time="0.003"/>
  <system-out/>
  <testcase classname="hrm.testpages.Membership_TestFunctionality3" name="Vlaidate_validSendkeys" time="15.966"/>
  <system-out/>
  <testcase classname="hrm.testpages.Membership_TestFunctionality3" name="Vlaidate_AdminPage" time="9.010"/>
  <system-out/>
  <testcase classname="hrm.testpages.Membership_TestFunctionality3" name="Validate_qualification" time="10.285"/>
  <system-out/>
  <testcase classname="hrm.testpages.Membership_TestFunctionality3" name="Validate_qualification_One" time="14.313"/>
  <system-out/>
  <testcase classname="hrm.testpages.Membership_TestFunctionality3" name="Validate_qualification_Two" time="14.271"/>
  <system-out/>
  <testcase classname="hrm.testpages.Membership_TestFunctionality3" name="Validate_qualification_Sendkeys" time="18.382"/>
  <system-out/>
</testsuite> <!-- hrm.testpages.Membership_TestFunctionality3 -->
