<?xml version="1.0" encoding="UTF-8"?>
<!-- Generated by org.testng.reporters.JUnitReportReporter -->
<testsuite hostname="DESKTOP-RK086OU" failures="0" tests="7" name="hrm.testpages.Membership_TestFunctionality3" time="80.130" errors="0" timestamp="2023-01-11T08:43:23 IST" skipped="0">
  <testcase classname="hrm.testpages.Membership_TestFunctionality3" name="Vlaidate_Printer_Settings" time="0.001"/>
  <system-out/>
  <testcase classname="hrm.testpages.Membership_TestFunctionality3" name="Vlaidate_validSendkeys" time="16.423"/>
  <system-out/>
  <testcase classname="hrm.testpages.Membership_TestFunctionality3" name="Vlaidate_AdminPage" time="8.067"/>
  <system-out/>
  <testcase classname="hrm.testpages.Membership_TestFunctionality3" name="Validate_qualification" time="9.945"/>
  <system-out/>
  <testcase classname="hrm.testpages.Membership_TestFunctionality3" name="Validate_qualification_One" time="14.292"/>
  <system-out/>
  <testcase classname="hrm.testpages.Membership_TestFunctionality3" name="Validate_qualification_Two" time="13.711"/>
  <system-out/>
  <testcase classname="hrm.testpages.Membership_TestFunctionality3" name="Validate_qualification_Sendkeys" time="17.691"/>
  <system-out/>
</testsuite> <!-- hrm.testpages.Membership_TestFunctionality3 -->
