<?xml version="1.0" encoding="UTF-8"?>
<!-- Generated by org.testng.reporters.JUnitReportReporter -->
<testsuite hostname="DESKTOP-981224S" failures="0" tests="8" name="hrm.testpages.hrm_loginfunctionality_testpage" time="61.552" errors="0" timestamp="2023-01-13T08:34:57 IST" skipped="0">
  <testcase classname="hrm.testpages.hrm_loginfunctionality_testpage" name="Vlaidate_Printer_Settings" time="0.003"/>
  <system-out/>
  <testcase classname="hrm.testpages.hrm_loginfunctionality_testpage" name="Vlaidate_HomePageTiltes" time="0.043"/>
  <system-out/>
  <testcase classname="hrm.testpages.hrm_loginfunctionality_testpage" name="Vlaidate_HomaPage_image" time="3.346"/>
  <system-out/>
  <testcase classname="hrm.testpages.hrm_loginfunctionality_testpage" name="Vlaidate_HomaPage_text" time="2.193"/>
  <system-out/>
  <testcase classname="hrm.testpages.hrm_loginfunctionality_testpage" name="Vlaidate_Sendkeys" time="26.296"/>
  <system-out/>
  <testcase classname="hrm.testpages.hrm_loginfunctionality_testpage" name="Validate_ErrorMessage" time="0.055"/>
  <system-out/>
  <testcase classname="hrm.testpages.hrm_loginfunctionality_testpage" name="Vlaidate_InvalidSendkeys" time="14.794"/>
  <system-out/>
  <testcase classname="hrm.testpages.hrm_loginfunctionality_testpage" name="Vlaidate_validSendkeys" time="14.822"/>
  <system-out/>
</testsuite> <!-- hrm.testpages.hrm_loginfunctionality_testpage -->
