<?xml version="1.0" encoding="UTF-8"?>
<!-- Generated by org.testng.reporters.JUnitReportReporter -->
<testsuite hostname="DESKTOP-981224S" failures="0" tests="6" name="hrm.testpages.Job_PageTestFunctinality" time="62.011" errors="0" timestamp="2023-01-13T08:34:58 IST" skipped="0">
  <testcase classname="hrm.testpages.Job_PageTestFunctinality" name="Vlaidate_Printer_Settings" time="0.002"/>
  <system-out/>
  <testcase classname="hrm.testpages.Job_PageTestFunctinality" name="Vlaidate_validSendkeys" time="15.834"/>
  <system-out/>
  <testcase classname="hrm.testpages.Job_PageTestFunctinality" name="Vlaidate_AdminPage" time="10.035"/>
  <system-out/>
  <testcase classname="hrm.testpages.Job_PageTestFunctinality" name="Vlaidate_JobPageclick" time="7.297"/>
  <system-out/>
  <testcase classname="hrm.testpages.Job_PageTestFunctinality" name="Vlaidate_JobPageTwoclick" time="14.489"/>
  <system-out/>
  <testcase classname="hrm.testpages.Job_PageTestFunctinality" name="Vlaidate_JobPagethreeclick" time="14.354"/>
  <system-out/>
</testsuite> <!-- hrm.testpages.Job_PageTestFunctinality -->
