<?xml version="1.0" encoding="UTF-8"?>
<!-- Generated by org.testng.reporters.JUnitReportReporter -->
<testsuite hostname="DESKTOP-RK086OU" failures="0" tests="7" name="hrm.testpages.Languages_TestFunctionality2" time="80.183" errors="0" timestamp="2023-01-11T08:43:23 IST" skipped="0">
  <testcase classname="hrm.testpages.Languages_TestFunctionality2" name="Vlaidate_Printer_Settings" time="0.001"/>
  <system-out/>
  <testcase classname="hrm.testpages.Languages_TestFunctionality2" name="Vlaidate_validSendkeys" time="17.043"/>
  <system-out/>
  <testcase classname="hrm.testpages.Languages_TestFunctionality2" name="Vlaidate_AdminPage" time="7.210"/>
  <system-out/>
  <testcase classname="hrm.testpages.Languages_TestFunctionality2" name="Validate_qualification" time="10.113"/>
  <system-out/>
  <testcase classname="hrm.testpages.Languages_TestFunctionality2" name="Validate_qualification_One" time="14.594"/>
  <system-out/>
  <testcase classname="hrm.testpages.Languages_TestFunctionality2" name="Validate_qualification_Two" time="13.768"/>
  <system-out/>
  <testcase classname="hrm.testpages.Languages_TestFunctionality2" name="Validate_qualification_Sendkeys" time="17.454"/>
  <system-out/>
</testsuite> <!-- hrm.testpages.Languages_TestFunctionality2 -->
