<?xml version="1.0" encoding="UTF-8"?>
<!-- Generated by org.testng.reporters.JUnitReportReporter -->
<testsuite hostname="DESKTOP-981224S" failures="0" tests="7" name="hrm.testpages.Education_TestFunctionality2" time="84.515" errors="0" timestamp="2023-01-13T08:34:58 IST" skipped="0">
  <testcase classname="hrm.testpages.Education_TestFunctionality2" name="Vlaidate_Printer_Settings" time="0.004"/>
  <system-out/>
  <testcase classname="hrm.testpages.Education_TestFunctionality2" name="Vlaidate_validSendkeys" time="16.154"/>
  <system-out/>
  <testcase classname="hrm.testpages.Education_TestFunctionality2" name="Vlaidate_AdminPage" time="10.977"/>
  <system-out/>
  <testcase classname="hrm.testpages.Education_TestFunctionality2" name="Validate_qualification" time="10.155"/>
  <system-out/>
  <testcase classname="hrm.testpages.Education_TestFunctionality2" name="Validate_qualification_One" time="14.383"/>
  <system-out/>
  <testcase classname="hrm.testpages.Education_TestFunctionality2" name="Validate_qualification_Two" time="14.052"/>
  <system-out/>
  <testcase classname="hrm.testpages.Education_TestFunctionality2" name="Validate_qualification_Sendkeys" time="18.790"/>
  <system-out/>
</testsuite> <!-- hrm.testpages.Education_TestFunctionality2 -->
