<?xml version="1.0" encoding="UTF-8"?>
<!-- Generated by org.testng.reporters.JUnitReportReporter -->
<testsuite hostname="DESKTOP-981224S" failures="0" tests="7" name="hrm.testpages.License_TestFunctionality" time="95.230" errors="0" timestamp="2023-01-13T08:34:58 IST" skipped="0">
  <testcase classname="hrm.testpages.License_TestFunctionality" name="Vlaidate_Printer_Settings" time="0.006"/>
  <system-out/>
  <testcase classname="hrm.testpages.License_TestFunctionality" name="Vlaidate_validSendkeys" time="22.437"/>
  <system-out/>
  <testcase classname="hrm.testpages.License_TestFunctionality" name="Vlaidate_AdminPage" time="12.717"/>
  <system-out/>
  <testcase classname="hrm.testpages.License_TestFunctionality" name="Validate_qualification" time="10.824"/>
  <system-out/>
  <testcase classname="hrm.testpages.License_TestFunctionality" name="Validate_qualification_One" time="14.379"/>
  <system-out/>
  <testcase classname="hrm.testpages.License_TestFunctionality" name="Validate_qualification_Two" time="15.566"/>
  <system-out/>
  <testcase classname="hrm.testpages.License_TestFunctionality" name="Validate_qualification_Sendkeys" time="19.301"/>
  <system-out/>
</testsuite> <!-- hrm.testpages.License_TestFunctionality -->
