<?xml version="1.0" encoding="UTF-8"?>
<!-- Generated by org.testng.reporters.JUnitReportReporter -->
<testsuite hostname="DESKTOP-RK086OU" failures="0" tests="7" name="hrm.testpages.AddLicense_TestFunctionality" time="81.850" errors="0" timestamp="2023-01-11T08:08:20 IST" skipped="0">
  <testcase classname="hrm.testpages.AddLicense_TestFunctionality" name="Vlaidate_Printer_Settings" time="0.010"/>
  <system-out/>
  <testcase classname="hrm.testpages.AddLicense_TestFunctionality" name="Vlaidate_validSendkeys" time="17.398"/>
  <system-out/>
  <testcase classname="hrm.testpages.AddLicense_TestFunctionality" name="Vlaidate_AdminPage" time="9.155"/>
  <system-out/>
  <testcase classname="hrm.testpages.AddLicense_TestFunctionality" name="Validate_qualification" time="10.014"/>
  <system-out/>
  <testcase classname="hrm.testpages.AddLicense_TestFunctionality" name="Validate_qualification_One" time="13.779"/>
  <system-out/>
  <testcase classname="hrm.testpages.AddLicense_TestFunctionality" name="Validate_qualification_Two" time="13.871"/>
  <system-out/>
  <testcase classname="hrm.testpages.AddLicense_TestFunctionality" name="Validate_qualification_Sendkeys" time="17.623"/>
  <system-out/>
</testsuite> <!-- hrm.testpages.AddLicense_TestFunctionality -->
