<?xml version="1.0" encoding="UTF-8"?>
<!-- Generated by org.testng.reporters.JUnitReportReporter -->
<testsuite hostname="DESKTOP-RK086OU" failures="0" tests="6" name="hrm.testpages.AdminPageTestFunctionality" time="51.053" errors="0" timestamp="2023-01-11T08:43:23 IST" skipped="0">
  <testcase classname="hrm.testpages.AdminPageTestFunctionality" name="Vlaidate_Printer_Settings" time="0.010"/>
  <system-out/>
  <testcase classname="hrm.testpages.AdminPageTestFunctionality" name="Vlaidate_validSendkeys" time="16.223"/>
  <system-out/>
  <testcase classname="hrm.testpages.AdminPageTestFunctionality" name="Vlaidate_AdminPage" time="9.127"/>
  <system-out/>
  <testcase classname="hrm.testpages.AdminPageTestFunctionality" name="Vlaidate_SystemUserpage" time="9.480"/>
  <system-out/>
  <testcase classname="hrm.testpages.AdminPageTestFunctionality" name="Vlaidate_SystemUserpage_One" time="9.473"/>
  <system-out/>
  <testcase classname="hrm.testpages.AdminPageTestFunctionality" name="Vlaidate_SystemUserpage_two" time="6.740"/>
  <system-out/>
</testsuite> <!-- hrm.testpages.AdminPageTestFunctionality -->
