<?xml version="1.0" encoding="UTF-8"?>
<!-- Generated by org.testng.reporters.JUnitReportReporter -->
<testsuite hostname="DESKTOP-RK086OU" failures="0" tests="6" name="hrm.testpages.Job_PageTestFunctinality" time="59.637" errors="0" timestamp="2023-01-11T08:43:23 IST" skipped="0">
  <testcase classname="hrm.testpages.Job_PageTestFunctinality" name="Vlaidate_Printer_Settings" time="0.001"/>
  <system-out/>
  <testcase classname="hrm.testpages.Job_PageTestFunctinality" name="Vlaidate_validSendkeys" time="15.833"/>
  <system-out/>
  <testcase classname="hrm.testpages.Job_PageTestFunctinality" name="Vlaidate_AdminPage" time="9.091"/>
  <system-out/>
  <testcase classname="hrm.testpages.Job_PageTestFunctinality" name="Vlaidate_JobPageclick" time="7.020"/>
  <system-out/>
  <testcase classname="hrm.testpages.Job_PageTestFunctinality" name="Vlaidate_JobPageTwoclick" time="13.901"/>
  <system-out/>
  <testcase classname="hrm.testpages.Job_PageTestFunctinality" name="Vlaidate_JobPagethreeclick" time="13.791"/>
  <system-out/>
</testsuite> <!-- hrm.testpages.Job_PageTestFunctinality -->
