<?xml version="1.0" encoding="UTF-8"?>
<!-- Generated by org.testng.reporters.JUnitReportReporter -->
<testsuite hostname="DESKTOP-981224S" failures="0" tests="7" name="hrm.testpages.Languages_TestFunctionality2" time="84.904" errors="0" timestamp="2023-01-13T08:34:57 IST" skipped="0">
  <testcase classname="hrm.testpages.Languages_TestFunctionality2" name="Vlaidate_Printer_Settings" time="0.002"/>
  <system-out/>
  <testcase classname="hrm.testpages.Languages_TestFunctionality2" name="Vlaidate_validSendkeys" time="17.685"/>
  <system-out/>
  <testcase classname="hrm.testpages.Languages_TestFunctionality2" name="Vlaidate_AdminPage" time="8.121"/>
  <system-out/>
  <testcase classname="hrm.testpages.Languages_TestFunctionality2" name="Validate_qualification" time="11.545"/>
  <system-out/>
  <testcase classname="hrm.testpages.Languages_TestFunctionality2" name="Validate_qualification_One" time="14.166"/>
  <system-out/>
  <testcase classname="hrm.testpages.Languages_TestFunctionality2" name="Validate_qualification_Two" time="14.950"/>
  <system-out/>
  <testcase classname="hrm.testpages.Languages_TestFunctionality2" name="Validate_qualification_Sendkeys" time="18.435"/>
  <system-out/>
</testsuite> <!-- hrm.testpages.Languages_TestFunctionality2 -->
