<?xml version="1.0" encoding="UTF-8"?>
<!-- Generated by org.testng.reporters.JUnitReportReporter -->
<testsuite hostname="DESKTOP-RK086OU" failures="0" tests="7" name="hrm.testpages.Education_TestFunctionality2" time="106.179" errors="0" timestamp="2023-01-11T08:50:19 IST" skipped="0">
  <testcase classname="hrm.testpages.Education_TestFunctionality2" name="Vlaidate_Printer_Settings" time="0.015"/>
  <system-out/>
  <testcase classname="hrm.testpages.Education_TestFunctionality2" name="Vlaidate_validSendkeys" time="22.329"/>
  <system-out/>
  <testcase classname="hrm.testpages.Education_TestFunctionality2" name="Vlaidate_AdminPage" time="15.089"/>
  <system-out/>
  <testcase classname="hrm.testpages.Education_TestFunctionality2" name="Validate_qualification" time="14.425"/>
  <system-out/>
  <testcase classname="hrm.testpages.Education_TestFunctionality2" name="Validate_qualification_One" time="17.770"/>
  <system-out/>
  <testcase classname="hrm.testpages.Education_TestFunctionality2" name="Validate_qualification_Two" time="16.482"/>
  <system-out/>
  <testcase classname="hrm.testpages.Education_TestFunctionality2" name="Validate_qualification_Sendkeys" time="20.069"/>
  <system-out/>
</testsuite> <!-- hrm.testpages.Education_TestFunctionality2 -->
